30/11/2013 14:56:34 にビルドを開始しました。
     1>ノード 4 上のプロジェクト "C:\Users\nobu\Documents\SVN\OpencvSharp\OpenCvSharpExtern\OpenCvSharpExtern.vcxproj" (Build ターゲット)。
     1>ClCompile:
         C:\Program Files (x86)\Microsoft Visual Studio 11.0\VC\bin\x86_amd64\CL.exe /c /Zi /nologo /W3 /WX- /Od /D WIN32 /D _DEBUG /D _WINDOWS /D _USRDLL /D _WINDLL /D _UNICODE /D UNICODE /Gm /EHa /RTC1 /MDd /GS /Gy /fp:precise /Zc:wchar_t /Zc:forScope /Fo"x64\Debug\\" /Fd"x64\Debug\vc110.pdb" /Gd /TP /errorReport:prompt CvANN_MLP.cpp CvBlobWrapper.cpp CvBoost.cpp CvDTree.cpp CvEM.cpp CvERTrees.cpp CvKNearest.cpp CvMLData.cpp CvNormalBayesClassifier.cpp CvRTrees.cpp CvSVM.cpp CvStatModel.cpp CvTrainTestSplit.cpp WAlgorithm.cpp WCore.cpp WCv.cpp WCvAdaptiveSkinDetector.cpp WCvCamShiftTracker.cpp WCvaux.cpp WFlann.cpp WHOGDescriptor.cpp WHighgui.cpp WMat.cpp WNonfree.cpp WStereoSGBM.cpp WVector.cpp WVideo.cpp cvaux.cpp cvblob.cpp cvcolor.cpp cvcontour.cpp cvlabel.cpp cvtrack.cpp
         cvtrack.cpp
     1>cvtrack.cpp(25): fatal error C1083: include ファイルを開けません。'opencv2/opencv.hpp': No such file or directory
         cvlabel.cpp
     1>cvlabel.cpp(24): fatal error C1083: include ファイルを開けません。'opencv2/opencv.hpp': No such file or directory
         cvcontour.cpp
     1>cvcontour.cpp(27): fatal error C1083: include ファイルを開けません。'opencv2/opencv.hpp': No such file or directory
         cvcolor.cpp
     1>cvcolor.cpp(24): fatal error C1083: include ファイルを開けません。'opencv2/opencv.hpp': No such file or directory
         cvblob.cpp
     1>cvblob.cpp(24): fatal error C1083: include ファイルを開けません。'opencv2/opencv.hpp': No such file or directory
         cvaux.cpp
     1>cvaux.cpp(22): fatal error C1083: include ファイルを開けません。'opencv2/opencv.hpp': No such file or directory
         WVideo.cpp
     1>c:\users\nobu\documents\svn\opencvsharp\opencvsharpextern\WVideo.h(13): fatal error C1083: include ファイルを開けません。'opencv2/video/background_segm.hpp': No such file or directory
         WVector.cpp
     1>c:\users\nobu\documents\svn\opencvsharp\opencvsharpextern\WVector.h(14): fatal error C1083: include ファイルを開けません。'opencv2/opencv.hpp': No such file or directory
         WStereoSGBM.cpp
     1>c:\users\nobu\documents\svn\opencvsharp\opencvsharpextern\WStereoSGBM.h(12): fatal error C1083: include ファイルを開けません。'opencv2/opencv.hpp': No such file or directory
         WNonfree.cpp
     1>c:\users\nobu\documents\svn\opencvsharp\opencvsharpextern\WNonFree.h(12): fatal error C1083: include ファイルを開けません。'opencv2/nonfree/nonfree.hpp': No such file or directory
         WMat.cpp
     1>c:\users\nobu\documents\svn\opencvsharp\opencvsharpextern\WMat.h(12): fatal error C1083: include ファイルを開けません。'opencv2/core/core.hpp': No such file or directory
         WHighgui.cpp
     1>c:\users\nobu\documents\svn\opencvsharp\opencvsharpextern\WHighgui.h(13): fatal error C1083: include ファイルを開けません。'opencv2/highgui/highgui.hpp': No such file or directory
         WHOGDescriptor.cpp
     1>c:\users\nobu\documents\svn\opencvsharp\opencvsharpextern\WHOGDescriptor.h(13): fatal error C1083: include ファイルを開けません。'opencv2/objdetect/objdetect.hpp': No such file or directory
         WFlann.cpp
     1>c:\users\nobu\documents\svn\opencvsharp\opencvsharpextern\WFlann.h(12): fatal error C1083: include ファイルを開けません。'opencv2/core/core.hpp': No such file or directory
         WCvaux.cpp
     1>c:\users\nobu\documents\svn\opencvsharp\opencvsharpextern\WCvaux.h(13): fatal error C1083: include ファイルを開けません。'opencv2/features2d/features2d.hpp': No such file or directory
         WCvCamShiftTracker.cpp
     1>c:\users\nobu\documents\svn\opencvsharp\opencvsharpextern\WCvCamShiftTracker.h(10): fatal error C1083: include ファイルを開けません。'opencv2/legacy/legacy.hpp': No such file or directory
         WCvAdaptiveSkinDetector.cpp
     1>c:\users\nobu\documents\svn\opencvsharp\opencvsharpextern\WCvAdaptiveSkinDetector.h(13): fatal error C1083: include ファイルを開けません。'opencv2/opencv.hpp': No such file or directory
         WCv.cpp
     1>c:\users\nobu\documents\svn\opencvsharp\opencvsharpextern\WCv.h(12): fatal error C1083: include ファイルを開けません。'opencv2/opencv.hpp': No such file or directory
         WCore.cpp
     1>c:\users\nobu\documents\svn\opencvsharp\opencvsharpextern\WCore.h(12): fatal error C1083: include ファイルを開けません。'opencv2/core/core.hpp': No such file or directory
         WAlgorithm.cpp
     1>c:\users\nobu\documents\svn\opencvsharp\opencvsharpextern\WAlgorithm.h(12): fatal error C1083: include ファイルを開けません。'opencv2/core/core.hpp': No such file or directory
         コードを生成中...
         コンパイル中...
         CvTrainTestSplit.cpp
     1>c:\users\nobu\documents\svn\opencvsharp\opencvsharpextern\CvTrainTestSplit.h(12): fatal error C1083: include ファイルを開けません。'opencv2/ml/ml.hpp': No such file or directory
         CvStatModel.cpp
     1>c:\users\nobu\documents\svn\opencvsharp\opencvsharpextern\CvStatModel.h(12): fatal error C1083: include ファイルを開けません。'opencv2/ml/ml.hpp': No such file or directory
         CvSVM.cpp
     1>c:\users\nobu\documents\svn\opencvsharp\opencvsharpextern\CvSVM.h(12): fatal error C1083: include ファイルを開けません。'opencv2/ml/ml.hpp': No such file or directory
         CvRTrees.cpp
     1>c:\users\nobu\documents\svn\opencvsharp\opencvsharpextern\CvRTrees.h(12): fatal error C1083: include ファイルを開けません。'opencv2/ml/ml.hpp': No such file or directory
         CvNormalBayesClassifier.cpp
     1>c:\users\nobu\documents\svn\opencvsharp\opencvsharpextern\CvNormalBayesClassifier.h(12): fatal error C1083: include ファイルを開けません。'opencv2/ml/ml.hpp': No such file or directory
         CvMLData.cpp
     1>c:\users\nobu\documents\svn\opencvsharp\opencvsharpextern\CvMLData.h(12): fatal error C1083: include ファイルを開けません。'opencv2/ml/ml.hpp': No such file or directory
         CvKNearest.cpp
     1>c:\users\nobu\documents\svn\opencvsharp\opencvsharpextern\CvKNearest.h(12): fatal error C1083: include ファイルを開けません。'opencv2/ml/ml.hpp': No such file or directory
         CvERTrees.cpp
     1>c:\users\nobu\documents\svn\opencvsharp\opencvsharpextern\CvERTrees.h(12): fatal error C1083: include ファイルを開けません。'opencv2/ml/ml.hpp': No such file or directory
         CvEM.cpp
     1>c:\users\nobu\documents\svn\opencvsharp\opencvsharpextern\CvEM.h(12): fatal error C1083: include ファイルを開けません。'opencv2/ml/ml.hpp': No such file or directory
         CvDTree.cpp
     1>c:\users\nobu\documents\svn\opencvsharp\opencvsharpextern\CvDTree.h(12): fatal error C1083: include ファイルを開けません。'opencv2/ml/ml.hpp': No such file or directory
         CvBoost.cpp
     1>c:\users\nobu\documents\svn\opencvsharp\opencvsharpextern\CvBoost.h(12): fatal error C1083: include ファイルを開けません。'opencv2/ml/ml.hpp': No such file or directory
         CvBlobWrapper.cpp
     1>c:\users\nobu\documents\svn\opencvsharp\opencvsharpextern\cvblob.h(42): fatal error C1083: include ファイルを開けません。'opencv2/opencv.hpp': No such file or directory
         CvANN_MLP.cpp
     1>c:\users\nobu\documents\svn\opencvsharp\opencvsharpextern\CvANN_MLP.h(12): fatal error C1083: include ファイルを開けません。'opencv2/ml/ml.hpp': No such file or directory
         コードを生成中...
     1>プロジェクト "C:\Users\nobu\Documents\SVN\OpencvSharp\OpenCvSharpExtern\OpenCvSharpExtern.vcxproj" (Build ターゲット) のビルドが終了しました -- 失敗。

ビルドに失敗しました。

経過時間 00:00:05.86
